<?xml version="1.0" encoding="UTF-8"?>
<testng-results ignored="0" total="1" passed="1" failed="0" skipped="0">
  <reporter-output>
  </reporter-output>
  <suite started-at="2018-04-14T11:55:05Z" name="Default suite" finished-at="2018-04-14T11:55:11Z" duration-ms="5751">
    <groups>
    </groups>
    <test started-at="2018-04-14T11:55:05Z" name="Default test" finished-at="2018-04-14T11:55:11Z" duration-ms="5751">
      <class name="com.testng.selenium.HashMapExample_prinheOcuurance">
        <test-method signature="occurances()[pri:0, instance:com.testng.selenium.HashMapExample_prinheOcuurance@62679465]" started-at="2018-04-14T11:55:05Z" name="occurances" finished-at="2018-04-14T11:55:11Z" duration-ms="5718" status="PASS">
          <reporter-output>
          </reporter-output>
        </test-method> <!-- occurances -->
      </class> <!-- com.testng.selenium.HashMapExample_prinheOcuurance -->
    </test> <!-- Default test -->
  </suite> <!-- Default suite -->
</testng-results>
